<?xml version="1.0" encoding="UTF-8"?>
<!-- Generated by org.testng.reporters.JUnitXMLReporter -->
<testsuite ignored="0" hostname="cryzalis-ThinkPad-T430s" failures="5" tests="5" name="Test" time="61.591" errors="0" timestamp="2023-06-09T07:23:58 GMT+03:00">
  <testcase classname="Test.Scenarios.TestMethods_registration" name="a_registerNewUser" time="7.88">
    <failure type="java.lang.AssertionError" message="My Account expected:&amp;lt;My Account&amp;gt; but was:&amp;lt;wrong page title&amp;gt;">
      <![CDATA[java.lang.AssertionError: My Account expected:<My Account> but was:<wrong page title>
at Test.Scenarios.TestMethods_registration.a_registerNewUser(TestMethods_registration.java:38)
at java.base/java.util.ArrayList.forEach(ArrayList.java:1511)
... Removed 28 stack frames]]>
    </failure>
  </testcase> <!-- a_registerNewUser -->
  <testcase classname="Test.Scenarios.TestMethods_softwaretestingboard" name="b_loginUserWithCorrectCredentials" time="7.54">
    <failure type="java.lang.AssertionError" message="Home Page expected:&amp;lt;My Account&amp;gt; but was:&amp;lt;wrong page title&amp;gt;">
      <![CDATA[java.lang.AssertionError: Home Page expected:<My Account> but was:<wrong page title>
at Test.Scenarios.TestMethods_softwaretestingboard.b_loginUserWithCorrectCredentials(TestMethods_softwaretestingboard.java:47)
at java.base/java.util.ArrayList.forEach(ArrayList.java:1511)
... Removed 28 stack frames]]>
    </failure>
  </testcase> <!-- b_loginUserWithCorrectCredentials -->
  <testcase classname="Test.Scenarios.TestMethods_softwaretestingboard" name="c_searchProductByName" time="10.986">
    <failure type="java.lang.AssertionError" message="Search results for: &amp;apos;Hoodie&amp;apos; expected:&amp;lt;Search results for: &amp;apos;Hoodie&amp;apos;&amp;gt; but was:&amp;lt;wrong page title&amp;gt;">
      <![CDATA[java.lang.AssertionError: Search results for: 'Hoodie' expected:<Search results for: 'Hoodie'> but was:<wrong page title>
at Test.Scenarios.TestMethods_softwaretestingboard.c_searchProductByName(TestMethods_softwaretestingboard.java:55)
at java.base/java.util.ArrayList.forEach(ArrayList.java:1511)
... Removed 28 stack frames]]>
    </failure>
  </testcase> <!-- c_searchProductByName -->
  <testcase classname="Test.Scenarios.TestMethods_softwaretestingboard" name="d_addProductToCart" time="4.464">
    <failure type="java.lang.AssertionError" message="https://magento.softwaretestingboard.com/selene-yoga-hoodie.html expected:&amp;lt;https://magento.softwaretestingboard.com/selene-yoga-hoodie.html&amp;gt; but was:&amp;lt;wrong page url&amp;gt;">
      <![CDATA[java.lang.AssertionError: https://magento.softwaretestingboard.com/selene-yoga-hoodie.html expected:<https://magento.softwaretestingboard.com/selene-yoga-hoodie.html> but was:<wrong page url>
at Test.Scenarios.TestMethods_softwaretestingboard.d_addProductToCart(TestMethods_softwaretestingboard.java:67)
at java.base/java.util.ArrayList.forEach(ArrayList.java:1511)
... Removed 28 stack frames]]>
    </failure>
  </testcase> <!-- d_addProductToCart -->
  <testcase classname="Test.Scenarios.TestMethods_softwaretestingboard" name="e_checkoutProcess" time="11.783">
    <failure type="org.openqa.selenium.NoSuchElementException" message="no such element: Unable to locate element: {&amp;quot;method&amp;quot;:&amp;quot;css selector&amp;quot;,&amp;quot;selector&amp;quot;:&amp;quot;#top\-cart\-btn\-checkout&amp;quot;}
  (Session info: chrome=110.0.5481.100)
For documentation on this error, please visit: https://selenium.dev/exceptions/#no_such_element
Build info: version: &amp;apos;4.9.1&amp;apos;, revision: &amp;apos;eb2032df7f&amp;apos;
System info: os.name: &amp;apos;Linux&amp;apos;, os.arch: &amp;apos;amd64&amp;apos;, os.version: &amp;apos;5.15.0-72-generic&amp;apos;, java.version: &amp;apos;17.0.5&amp;apos;
Driver info: org.openqa.selenium.chrome.ChromeDriver
Command: [04c01947028f97500de3ff4db1a3a4fb, findElement {using=id, value=top-cart-btn-checkout}]
Capabilities {acceptInsecureCerts: false, browserName: chrome, browserVersion: 110.0.5481.100, chrome: {chromedriverVersion: 110.0.5481.77 (65ed616c6e8e..., userDataDir: /tmp/.com.google.Chrome.vTBmVO}, goog:chromeOptions: {debuggerAddress: localhost:41231}, networkConnectionEnabled: false, pageLoadStrategy: normal, platformName: linux, proxy: Proxy(), se:cdp: ws://localhost:41231/devtoo..., se:cdpVersion: 110.0.5481.100, setWindowRect: true, strictFileInteractability: false, timeouts: {implicit: 0, pageLoad: 300000, script: 30000}, unhandledPromptBehavior: dismiss and notify, webauthn:extension:credBlob: true, webauthn:extension:largeBlob: true, webauthn:virtualAuthenticators: true}
Session ID: 04c01947028f97500de3ff4db1a3a4fb">
      <![CDATA[org.openqa.selenium.NoSuchElementException: no such element: Unable to locate element: {"method":"css selector","selector":"#top\-cart\-btn\-checkout"}
  (Session info: chrome=110.0.5481.100)
For documentation on this error, please visit: https://selenium.dev/exceptions/#no_such_element
Build info: version: '4.9.1', revision: 'eb2032df7f'
System info: os.name: 'Linux', os.arch: 'amd64', os.version: '5.15.0-72-generic', java.version: '17.0.5'
Driver info: org.openqa.selenium.chrome.ChromeDriver
Command: [04c01947028f97500de3ff4db1a3a4fb, findElement {using=id, value=top-cart-btn-checkout}]
Capabilities {acceptInsecureCerts: false, browserName: chrome, browserVersion: 110.0.5481.100, chrome: {chromedriverVersion: 110.0.5481.77 (65ed616c6e8e..., userDataDir: /tmp/.com.google.Chrome.vTBmVO}, goog:chromeOptions: {debuggerAddress: localhost:41231}, networkConnectionEnabled: false, pageLoadStrategy: normal, platformName: linux, proxy: Proxy(), se:cdp: ws://localhost:41231/devtoo..., se:cdpVersion: 110.0.5481.100, setWindowRect: true, strictFileInteractability: false, timeouts: {implicit: 0, pageLoad: 300000, script: 30000}, unhandledPromptBehavior: dismiss and notify, webauthn:extension:credBlob: true, webauthn:extension:largeBlob: true, webauthn:virtualAuthenticators: true}
Session ID: 04c01947028f97500de3ff4db1a3a4fb
at org.openqa.selenium.remote.codec.w3c.W3CHttpResponseCodec.createException(W3CHttpResponseCodec.java:200)
at org.openqa.selenium.remote.codec.w3c.W3CHttpResponseCodec.decode(W3CHttpResponseCodec.java:133)
at org.openqa.selenium.remote.codec.w3c.W3CHttpResponseCodec.decode(W3CHttpResponseCodec.java:53)
at org.openqa.selenium.remote.HttpCommandExecutor.execute(HttpCommandExecutor.java:193)
at org.openqa.selenium.remote.service.DriverCommandExecutor.invokeExecute(DriverCommandExecutor.java:183)
at org.openqa.selenium.remote.service.DriverCommandExecutor.execute(DriverCommandExecutor.java:158)
at org.openqa.selenium.remote.RemoteWebDriver.execute(RemoteWebDriver.java:543)
at org.openqa.selenium.remote.ElementLocation$ElementFinder$2.findElement(ElementLocation.java:162)
at org.openqa.selenium.remote.ElementLocation.findElement(ElementLocation.java:60)
at org.openqa.selenium.remote.RemoteWebDriver.findElement(RemoteWebDriver.java:352)
at org.openqa.selenium.remote.RemoteWebDriver.findElement(RemoteWebDriver.java:344)
at objects.MainPage.clickButtonCheckOut(MainPage.java:45)
at Test.Scenarios.TestMethods_softwaretestingboard.e_checkoutProcess(TestMethods_softwaretestingboard.java:78)
at java.base/java.util.ArrayList.forEach(ArrayList.java:1511)
... Removed 32 stack frames]]>
    </failure>
  </testcase> <!-- e_checkoutProcess -->
</testsuite> <!-- Test -->
